<?xml version="1.0" encoding="UTF-8"?>
<!-- Generated by org.testng.reporters.JUnitReportReporter -->
<testsuite hostname="yeshs-Mac-mini.local" failures="0" tests="1" name="kitspagetesting.TestingOFKitsPage" time="43.239" errors="0" timestamp="2024-08-28T14:19:44 IST" skipped="0">
  <testcase classname="kitspagetesting.TestingOFKitsPage" name="purchaseKitAndPayment" time="43.239"/>
</testsuite> <!-- kitspagetesting.TestingOFKitsPage -->
