<?xml version="1.0" encoding="UTF-8"?>
<!-- Generated by org.testng.reporters.JUnitReportReporter -->
<testsuite hostname="yeshs-Mac-mini.local" failures="0" tests="1" name="dashboardpagetesting.TestingOfDashboardPage" time="10.130" errors="0" timestamp="2024-08-20T14:08:05 IST" skipped="0">
  <testcase classname="dashboardpagetesting.TestingOfDashboardPage" name="dashboardSection" time="10.130"/>
</testsuite> <!-- dashboardpagetesting.TestingOfDashboardPage -->
