<?xml version="1.0" encoding="UTF-8"?>
<!-- Generated by org.testng.reporters.JUnitReportReporter -->
<testsuite hostname="yeshs-Mac-mini.local" failures="0" tests="1" name="defibrillatorpagetesting.TestingOfDefibrillatorpage" time="19.503" errors="0" timestamp="2024-08-28T15:27:19 IST" skipped="0">
  <testcase classname="defibrillatorpagetesting.TestingOfDefibrillatorpage" name="purchaseKitAndPayment" time="19.503"/>
</testsuite> <!-- defibrillatorpagetesting.TestingOfDefibrillatorpage -->
